<?xml version="1.0" encoding="UTF-8"?>
<!-- Generated by org.testng.reporters.JUnitXMLReporter -->
<testsuite ignored="5" hostname="LAPTOP-EH4U4A5P" failures="0" tests="1" name="Default test" time="8.258" errors="0" timestamp="2023-01-30T20:14:42 IST">
  <testcase classname="selenium.FacebookLogin" name="login_Page" time="5.246"/>
  <testcase classname="selenium.FacebookLogin" name="navigate" time="0.0">
    <ignored/>
  </testcase> <!-- navigate -->
  <testcase classname="selenium.FacebookLogin" name="css" time="0.0">
    <ignored/>
  </testcase> <!-- css -->
  <testcase classname="selenium.FacebookLogin" name="login" time="0.0">
    <ignored/>
  </testcase> <!-- login -->
  <testcase classname="selenium.FacebookLogin" name="link" time="0.0">
    <ignored/>
  </testcase> <!-- link -->
  <testcase classname="selenium.FacebookLogin" name="screenShot" time="0.0">
    <ignored/>
  </testcase> <!-- screenShot -->
</testsuite> <!-- Default test -->
