<?xml version="1.0" encoding="UTF-8"?>
<testng-results ignored="5" total="6" passed="1" failed="0" skipped="0">
  <reporter-output>
  </reporter-output>
  <suite started-at="2023-01-30T20:14:34 IST" name="Default suite" finished-at="2023-01-30T20:14:42 IST" duration-ms="8258">
    <groups>
    </groups>
    <test started-at="2023-01-30T20:14:34 IST" name="Default test" finished-at="2023-01-30T20:14:42 IST" duration-ms="8258">
      <class name="selenium.FacebookLogin">
        <test-method is-config="true" signature="setup()[pri:0, instance:selenium.FacebookLogin@bd4dc25]" started-at="2023-01-30T20:14:34 IST" name="setup" finished-at="2023-01-30T20:14:37 IST" duration-ms="2957" status="PASS">
          <reporter-output>
          </reporter-output>
        </test-method> <!-- setup -->
        <test-method signature="login_Page()[pri:0, instance:selenium.FacebookLogin@bd4dc25]" started-at="2023-01-30T20:14:37 IST" name="login_Page" finished-at="2023-01-30T20:14:42 IST" duration-ms="5246" status="PASS">
          <reporter-output>
          </reporter-output>
        </test-method> <!-- login_Page -->
      </class> <!-- selenium.FacebookLogin -->
    </test> <!-- Default test -->
  </suite> <!-- Default suite -->
</testng-results>
